#
# An unexpected error has been detected by Java Runtime Environment:
#
#  EXCEPTION_ACCESS_VIOLATION (0xc0000005) at pc=0x00a5775f, pid=2940, tid=2768
#
# Java VM: Java HotSpot(TM) Client VM (11.0-b15 mixed mode, sharing windows-x86)
# Problematic frame:
# J  java.lang.AbstractStringBuilder.append(Ljava/lang/String;)Ljava/lang/AbstractStringBuilder;
#
# If you would like to submit a bug report, please visit:
#   http://java.sun.com/webapps/bugreport/crash.jsp
#

---------------  T H R E A D  ---------------

Current thread (0x02bdb000):  JavaThread "AWT-EventQueue-0" [_thread_in_Java, id=2768, stack(0x045b0000,0x04600000)]

siginfo: ExceptionCode=0xc0000005, reading address 0x7665757e

Registers:
EAX=0x2b27bd58, EBX=0x2b27bd58, ECX=0x22ae6870, EDX=0x7665756e
ESP=0x045ff2c0, EBP=0x045ff2f8, ESI=0x22ae6870, EDI=0x00a57e70
EIP=0x00a5775f, EFLAGS=0x00010202

Top of Stack: (sp=0x045ff2c0)
0x045ff2c0:   00000015 22ae68b0 00000000 02bdb000
0x045ff2d0:   26a85138 045ff358 22ae6870 00000015
0x045ff2e0:   26aa59f8 00000015 045ff301 6d910b11
0x045ff2f0:   02bdb74c 00000017 045ff318 00a57e8c
0x045ff300:   6d975d5b 02bdb000 00000006 00000008
0x045ff310:   22ae6870 26a85c7a 045ff358 009b2f07
0x045ff320:   009bacb2 02bdb000 009b2f07 7665756e
0x045ff330:   22ae6870 22f55be0 045ff338 26a85c80 

Instructions: (pc=0x00a5775f)
0x00a5774f:   24 18 83 fa 00 0f 85 05 00 00 00 ba 18 4c 85 2b
0x00a5775f:   8b 72 10 83 fe 00 0f 84 74 00 00 00 8b 79 08 03 


Stack: [0x045b0000,0x04600000],  sp=0x045ff2c0,  free space=316k
Native frames: (J=compiled Java code, j=interpreted, Vv=VM code, C=native code)
J  java.lang.AbstractStringBuilder.append(Ljava/lang/String;)Ljava/lang/AbstractStringBuilder;
J  java.lang.StringBuilder.append(Ljava/lang/String;)Ljava/lang/StringBuilder;
j  analizador.ModuloExterno.iniciarMuestreo()V+104
j  Formularios.VentanaPrincipal.botonCapturarActionPerformed(Ljava/awt/event/ActionEvent;)V+88
j  Formularios.VentanaPrincipal.access$000(LFormularios/VentanaPrincipal;Ljava/awt/event/ActionEvent;)V+2
j  Formularios.VentanaPrincipal$1.actionPerformed(Ljava/awt/event/ActionEvent;)V+5
j  javax.swing.AbstractButton.fireActionPerformed(Ljava/awt/event/ActionEvent;)V+84
j  javax.swing.AbstractButton$Handler.actionPerformed(Ljava/awt/event/ActionEvent;)V+5
j  javax.swing.DefaultButtonModel.fireActionPerformed(Ljava/awt/event/ActionEvent;)V+35
j  javax.swing.DefaultButtonModel.setPressed(Z)V+117
j  javax.swing.plaf.basic.BasicButtonListener.mouseReleased(Ljava/awt/event/MouseEvent;)V+35
j  java.awt.Component.processMouseEvent(Ljava/awt/event/MouseEvent;)V+64
j  javax.swing.JComponent.processMouseEvent(Ljava/awt/event/MouseEvent;)V+23
j  java.awt.Component.processEvent(Ljava/awt/AWTEvent;)V+81
j  java.awt.Container.processEvent(Ljava/awt/AWTEvent;)V+18
j  java.awt.Component.dispatchEventImpl(Ljava/awt/AWTEvent;)V+562
j  java.awt.Container.dispatchEventImpl(Ljava/awt/AWTEvent;)V+42
j  java.awt.Component.dispatchEvent(Ljava/awt/AWTEvent;)V+2
j  java.awt.LightweightDispatcher.retargetMouseEvent(Ljava/awt/Component;ILjava/awt/event/MouseEvent;)V+320
j  java.awt.LightweightDispatcher.processMouseEvent(Ljava/awt/event/MouseEvent;)Z+139
j  java.awt.LightweightDispatcher.dispatchEvent(Ljava/awt/AWTEvent;)Z+50
j  java.awt.Container.dispatchEventImpl(Ljava/awt/AWTEvent;)V+12
j  java.awt.Window.dispatchEventImpl(Ljava/awt/AWTEvent;)V+19
j  java.awt.Component.dispatchEvent(Ljava/awt/AWTEvent;)V+2
j  java.awt.EventQueue.dispatchEvent(Ljava/awt/AWTEvent;)V+46
j  java.awt.EventDispatchThread.pumpOneEventForFilters(I)Z+204
j  java.awt.EventDispatchThread.pumpEventsForFilter(ILjava/awt/Conditional;Ljava/awt/EventFilter;)V+30
j  java.awt.EventDispatchThread.pumpEventsForHierarchy(ILjava/awt/Conditional;Ljava/awt/Component;)V+11
j  java.awt.EventDispatchThread.pumpEvents(ILjava/awt/Conditional;)V+4
j  java.awt.EventDispatchThread.pumpEvents(Ljava/awt/Conditional;)V+3
j  java.awt.EventDispatchThread.run()V+9
v  ~StubRoutines::call_stub


---------------  P R O C E S S  ---------------

Java Threads: ( => current thread )
  0x0464e400 JavaThread "D3D Screen Updater" daemon [_thread_blocked, id=3936, stack(0x04c60000,0x04cb0000)]
  0x04629c00 JavaThread "Image Fetcher 0" daemon [_thread_blocked, id=2912, stack(0x04810000,0x04860000)]
  0x00366c00 JavaThread "DestroyJavaVM" [_thread_blocked, id=2024, stack(0x003a0000,0x003f0000)]
=>0x02bdb000 JavaThread "AWT-EventQueue-0" [_thread_in_Java, id=2768, stack(0x045b0000,0x04600000)]
  0x02b4d800 JavaThread "AWT-Windows" daemon [_thread_in_native, id=3432, stack(0x02fa0000,0x02ff0000)]
  0x02b4c400 JavaThread "AWT-Shutdown" [_thread_blocked, id=3424, stack(0x02f50000,0x02fa0000)]
  0x02b93000 JavaThread "Java2D Disposer" daemon [_thread_blocked, id=3292, stack(0x02f00000,0x02f50000)]
  0x02b21800 JavaThread "Low Memory Detector" daemon [_thread_blocked, id=2704, stack(0x02dd0000,0x02e20000)]
  0x02b1f000 JavaThread "CompilerThread0" daemon [_thread_blocked, id=2220, stack(0x02d80000,0x02dd0000)]
  0x02b1a400 JavaThread "Attach Listener" daemon [_thread_blocked, id=2920, stack(0x02d30000,0x02d80000)]
  0x02b18c00 JavaThread "Signal Dispatcher" daemon [_thread_blocked, id=2980, stack(0x02ce0000,0x02d30000)]
  0x02b10800 JavaThread "Finalizer" daemon [_thread_blocked, id=3428, stack(0x02c90000,0x02ce0000)]
  0x02b0f400 JavaThread "Reference Handler" daemon [_thread_blocked, id=1808, stack(0x02c40000,0x02c90000)]

Other Threads:
  0x02b0d800 VMThread [stack: 0x02bf0000,0x02c40000] [id=1080]
  0x02b2c000 WatcherThread [stack: 0x02e20000,0x02e70000] [id=1244]

VM state:not at safepoint (normal execution)

VM Mutex/Monitor currently owned by a thread: None

Heap
 def new generation   total 960K, used 867K [0x22a20000, 0x22b20000, 0x22f00000)
  eden space 896K,  89% used [0x22a20000, 0x22ae8ec0, 0x22b00000)
  from space 64K, 100% used [0x22b10000, 0x22b20000, 0x22b20000)
  to   space 64K,   0% used [0x22b00000, 0x22b00000, 0x22b10000)
 tenured generation   total 4096K, used 653K [0x22f00000, 0x23300000, 0x26a20000)
   the space 4096K,  15% used [0x22f00000, 0x22fa37c0, 0x22fa3800, 0x23300000)
 compacting perm gen  total 12288K, used 534K [0x26a20000, 0x27620000, 0x2aa20000)
   the space 12288K,   4% used [0x26a20000, 0x26aa5a48, 0x26aa5c00, 0x27620000)
    ro space 8192K,  67% used [0x2aa20000, 0x2af82f00, 0x2af83000, 0x2b220000)
    rw space 12288K,  53% used [0x2b220000, 0x2b890180, 0x2b890200, 0x2be20000)

Dynamic libraries:
0x00400000 - 0x00424000 	C:\Archivos de programa\Java\jdk1.6.0_10\jre\bin\java.exe
0x7c910000 - 0x7c9c5000 	C:\WINDOWS\system32\ntdll.dll
0x7c800000 - 0x7c903000 	C:\WINDOWS\system32\kernel32.dll
0x77da0000 - 0x77e4c000 	C:\WINDOWS\system32\ADVAPI32.dll
0x77e50000 - 0x77ee2000 	C:\WINDOWS\system32\RPCRT4.dll
0x77fc0000 - 0x77fd1000 	C:\WINDOWS\system32\Secur32.dll
0x7c340000 - 0x7c396000 	C:\Archivos de programa\Java\jdk1.6.0_10\jre\bin\msvcr71.dll
0x6d8b0000 - 0x6db06000 	C:\Archivos de programa\Java\jdk1.6.0_10\jre\bin\client\jvm.dll
0x7e390000 - 0x7e421000 	C:\WINDOWS\system32\USER32.dll
0x77ef0000 - 0x77f39000 	C:\WINDOWS\system32\GDI32.dll
0x76b00000 - 0x76b2e000 	C:\WINDOWS\system32\WINMM.dll
0x6d330000 - 0x6d338000 	C:\Archivos de programa\Java\jdk1.6.0_10\jre\bin\hpi.dll
0x76bb0000 - 0x76bbb000 	C:\WINDOWS\system32\PSAPI.DLL
0x6d860000 - 0x6d86c000 	C:\Archivos de programa\Java\jdk1.6.0_10\jre\bin\verify.dll
0x6d3d0000 - 0x6d3ef000 	C:\Archivos de programa\Java\jdk1.6.0_10\jre\bin\java.dll
0x6d8a0000 - 0x6d8af000 	C:\Archivos de programa\Java\jdk1.6.0_10\jre\bin\zip.dll
0x6d0b0000 - 0x6d1e8000 	C:\Archivos de programa\Java\jdk1.6.0_10\jre\bin\awt.dll
0x72f80000 - 0x72fa6000 	C:\WINDOWS\system32\WINSPOOL.DRV
0x77be0000 - 0x77c38000 	C:\WINDOWS\system32\msvcrt.dll
0x76340000 - 0x7635d000 	C:\WINDOWS\system32\IMM32.dll
0x774b0000 - 0x775ed000 	C:\WINDOWS\system32\ole32.dll
0x773a0000 - 0x774a3000 	C:\WINDOWS\WinSxS\x86_Microsoft.Windows.Common-Controls_6595b64144ccf1df_6.0.2600.5512_x-ww_35d4ce83\comctl32.dll
0x77f40000 - 0x77fb6000 	C:\WINDOWS\system32\SHLWAPI.dll
0x5b150000 - 0x5b188000 	C:\WINDOWS\system32\uxtheme.dll
0x746b0000 - 0x746fc000 	C:\WINDOWS\system32\MSCTF.dll
0x10000000 - 0x10004000 	C:\Archivos de programa\Unlocker\UnlockerHook.dll
0x03030000 - 0x045a2000 	C:\WINDOWS\system32\SHELL32.dll
0x6d2d0000 - 0x6d324000 	C:\Archivos de programa\Java\jdk1.6.0_10\jre\bin\fontmanager.dll
0x4fd10000 - 0x4feb6000 	C:\WINDOWS\system32\d3d9.dll
0x6dea0000 - 0x6dea6000 	C:\WINDOWS\system32\d3d8thk.dll
0x77bd0000 - 0x77bd8000 	C:\WINDOWS\system32\VERSION.dll
0x6d6c0000 - 0x6d6d3000 	C:\Archivos de programa\Java\jdk1.6.0_10\jre\bin\net.dll
0x71a30000 - 0x71a47000 	C:\WINDOWS\system32\WS2_32.dll
0x71a20000 - 0x71a28000 	C:\WINDOWS\system32\WS2HELP.dll
0x6d6e0000 - 0x6d6e9000 	C:\Archivos de programa\Java\jdk1.6.0_10\jre\bin\nio.dll
0x04a80000 - 0x04a8b000 	C:\WINDOWS\system32\Comunicado.dll
0x6d240000 - 0x6d263000 	C:\Archivos de programa\Java\jdk1.6.0_10\jre\bin\dcpr.dll

VM Arguments:
java_command: Formularios.VentanaPrincipal
Launcher Type: SUN_STANDARD

Environment Variables:
PATH=C:\Archivos de programa\Java\jdk1.6.0_10\bin; C:\Archivos de programa\Microsoft Visual Studio\VC98\Bin;C:\masm32\bin;C:\Archivos de programa\Microsoft Visual Studio\Common\Tools\WinNT;C:\Archivos de programa\Microsoft Visual Studio\Common\MSDev98\Bin;C:\Archivos de programa\Microsoft Visual Studio\Common\Tools;C:\Archivos de programa\Microsoft Visual Studio\VC98\bin;C:\Archivos de programa\CollabNet Subversion
USERNAME=WINDOWS
OS=Windows_NT
PROCESSOR_IDENTIFIER=x86 Family 15 Model 104 Stepping 2, AuthenticAMD



---------------  S Y S T E M  ---------------

OS: Windows XP Build 2600 Service Pack 3

CPU:total 2 (2 cores per cpu, 1 threads per core) family 15 model 104 stepping 2, cmov, cx8, fxsr, mmx, sse, sse2, sse3, mmxext, 3dnow, 3dnowext

Memory: 4k page, physical 784740k(126304k free), swap 1918992k(1010336k free)

vm_info: Java HotSpot(TM) Client VM (11.0-b15) for windows-x86 JRE (1.6.0_10-b33), built on Sep 26 2008 01:00:43 by "java_re" with MS VC++ 7.1

time: Tue Jan 06 17:25:24 2009
elapsed time: 2 seconds

