
ROM used: 401 (39%)
          401 (39%) including unused fragments

          0 Average locations per line
          1 Average locations per statement

RAM used: 12 (18%) at main() level
          25 (37%) worst case

Stack used: 1 worst case (out of 8 total available)

Lines Stmts  %   Files
----- ----- ---  -----
  152    83  14  E:\Analizador\trunk\Senales_PIC\Main.c
  114     0   0  C:\ARCHIV~1\PICC\devices\16f84A.h
  893   380  65  C:\ARCHIV~1\PICC\drivers\stdlib.h
   28     0   0  C:\ARCHIV~1\PICC\drivers\stddef.h
  417   126  21  C:\ARCHIV~1\PICC\drivers\string.h
   28     0   0  C:\ARCHIV~1\PICC\drivers\ctype.h
----- -----
 1632   589 Total

Page ROM  %  RAM   Vol Diff  Functions:
---- --- --- ---   --- ----  ----------
 Inline       13             @MUL3232
 Inline        4   101  3.8  rand
 Inline        5             @DIV1616
0     20   5   1             @delay_ms1
0      9   2   1    94  2.8  hacer_parpadeo
0     32   8   2   336  5.3  hacer_autof
0     20   5   2   214  4.7  hacer_shift
0     25   6   2   238  4.8  hacer_shift1
0     10   2   2    63  2.1  hacer_decr1
0     10   2   2    63  2.1  hacer_cuenta1
0     14   3   2    78  2.3  hacer_cuenta2
0     15   4   2    78  2.3  hacer_cuenta3
0    145  36   1    78  2.3  hacer_aleat
0      9   2   1    65  2.3  hacer_const
0     88  22   1   675  6.2  MAIN

Program metrics:
    Functions               12
    Statements              589
    Comments                859
    Volume (V)              3501
    Difficilty (D)          41.6
    Effort to implement (E) 145501
    Time to implement (T)   2 hours, 15 minutes
    Est Delivered Bugs (B)  1
    Cyclomatic Complexity   24
    Maintainability (MI)    104

 Segment     Used  Free
-----------  ----  ----
00000-00003     4  0  
00004-003FF   397  623  



